20230915	18:33:33	f3171552-c9d0-4393-ba8d-71101c94edef	GET	/lslsl	undefined
20230915	18:33:33	7f06ea76-3acb-46a4-878d-8d1e84a6f634	GET	/css/style.css	undefined
20230915	18:33:33	4747bd60-872a-40da-98c1-207b08d60d66	GET	/favicon.ico	undefined
20230915	18:50:45	01e48d17-6466-49c8-be15-c05c5f36185a	GET	/	https://www.youtube.com
20230915	18:51:48	e6dbed93-0bce-4563-8aa7-9e2bedc76854	GET	/	https://www.google.com
20230915	18:52:23	c89bf7c9-ae91-4f71-ab2d-a0fb4e1a54fa	GET	/	https://www.youtube.com
20230915	18:52:23	1904be48-ab4a-4ebe-97e3-4dd256efc8d8	GET	/	https://www.google.com
20230915	18:52:34	96ec1bc6-6782-4c88-a05c-e8666f5fb109	GET	/	https://www.google.com
20230915	18:52:34	6480b9ee-db73-419e-a34d-9490ecf85e15	GET	/	https://www.youtube.com
20230915	18:53:05	19a6084b-103b-4b8d-8785-dce015734b7a	GET	/	https://www.google.com
20230915	18:54:40	0e8cdee5-3f4d-41ef-8fa8-75ab585969c7	GET	/	https://www.google.com
20230915	18:54:40	8ce279f8-6190-42f1-b0ab-c7c1b90a8d5a	GET	/	https://www.youtube.com
20230915	18:54:40	33a49f4a-460e-4aa4-94ac-fc469e368362	GET	/	https://www.google.com
20230915	18:55:35	6843d171-474e-40a8-afc6-4a67f23e1325	GET	/	https://www.google.com
20230916	19:08:40	51ceb23b-4fd3-408c-9138-a0ec99f8ac01	OPTIONS	/api/v1/auth/login	http://localhost:3000
20230916	19:09:21	557190e5-f56a-4533-a17c-88fd98ab150e	GET	/api/v1/login	undefined
20230916	19:09:36	4d2a9c10-85bd-4864-b6e5-68db77c30a75	OPTIONS	/api/v1/auth/login	http://localhost:3000
20230916	19:10:05	502ff00a-13f5-4468-b65c-71459a79d272	OPTIONS	/api/v1/auth/login	http://localhost:3000
20230916	19:11:02	cbbd1c33-941d-4c94-9fbb-7c200362f630	OPTIONS	/api/v1/auth/login	http://localhost:3000
20230916	19:12:12	099ed7ab-45e2-449c-925e-3dea205a5374	OPTIONS	/api/v1/auth/register	http://localhost:3000
20230916	19:12:12	d46ec4f8-976e-4802-99bf-8a4ea9b7650b	POST	/api/v1/auth/register	http://localhost:3000
20230916	19:12:47	01c6f299-5441-4a2c-b6e2-c802304a87d8	OPTIONS	/api/v1/auth/login	http://localhost:3000
20230916	19:15:17	799f2b6e-8f0c-4f63-804d-b573498c51a5	OPTIONS	/api/v1/auth/login	http://localhost:3000
20230916	19:16:47	9f23f5f4-ff5b-4206-bb85-498076542ddf	OPTIONS	/api/v1/auth/login	http://localhost:3000
20230916	19:17:10	d24d6bc2-2fd4-4b39-842d-c874af629db3	OPTIONS	/api/v1/auth/login	http://localhost:3000
20230916	19:20:12	2e4fe855-6a0b-4118-9eae-fa0036233336	OPTIONS	/api/v1/auth/register	http://localhost:3000
20230916	19:20:12	47456704-49d9-4938-9ea3-1c1ac0b41040	POST	/api/v1/auth/register	http://localhost:3000
20230916	19:22:26	346b585c-1201-45ba-9f10-3c3612852997	OPTIONS	/api/v1/user	http://localhost:3000
20230916	19:22:26	86ea501b-cae2-4997-8c55-919dec2d201a	POST	/api/v1/user	http://localhost:3000
20230916	19:27:21	3fe15fcf-f03b-4d47-a28e-7a9ead62cba3	POST	/api/v1/user	undefined
20230916	19:28:17	a0aeb2f8-50d8-4518-bc9b-efd831a5da42	POST	/api/v1/user/	undefined
20230916	19:30:09	7ce74b39-447d-4041-8362-6f6d2bdfefaf	POST	/	undefined
20230916	19:30:20	66771bb0-ea10-471b-9ede-490e19286206	GET	/	undefined
20230916	19:31:58	1b802fce-3293-4af8-a6a0-e85ce5a4a22d	GET	/	undefined
20230916	19:32:04	6d27322b-ad3e-4751-ada7-cea65ff77914	GET	/lslsl	undefined
20230916	19:32:04	a617c367-6093-45d7-aeaf-12e129be2272	GET	/css/style.css	undefined
20230916	19:32:04	87c63146-83e4-4da0-8f6d-376c27b7d1ae	GET	/favicon.ico	undefined
20230916	19:32:06	b8159888-5772-4b6a-9414-b08812b97540	GET	/lslsl	undefined
20230916	19:32:22	fcc8a235-153c-4805-907b-c6420e76db61	GET	/index.html	undefined
20230916	19:32:35	1c3664eb-e913-45ba-b8c8-5ebaa9779a5b	GET	/lslsl	undefined
20230916	19:32:58	0e65c5b5-6493-44d7-b986-b8d8075529ed	GET	/	undefined
20230916	19:33:38	03c044db-5525-432d-84b1-7940d5c3c921	GET	/index.html	undefined
20230916	19:36:10	98b1b354-dfc5-48cb-8e72-8cb86de46178	GET	/index.html	undefined
20230916	19:36:29	0139a1c5-1f55-496c-b984-84ce74931584	GET	/index.html	undefined
20230916	19:37:59	9651ca20-e51a-4d81-a33d-e42e4ac6b327	GET	/index.html	undefined
20230916	19:38:55	ef56e0db-6d08-4c42-8388-3c773b398d97	GET	/	undefined
20230916	19:43:28	527bd5eb-3471-4af2-8e0c-da8cbe9e462a	GET	/index.html	undefined
20230916	19:45:11	23483cce-8c8d-4835-81f7-a7be0c37ff2a	GET	/index.html	undefined
20230916	19:46:31	c780f61d-8d5f-4062-96c7-f9d9262a31b1	GET	/index.html	undefined
20230916	19:47:12	a702d417-5ca9-4ddf-a3ef-58452c5f99ee	GET	/index.html	undefined
20230916	19:49:21	d4b9a891-d4ff-47ac-ac18-22b49789442c	GET	/index.html	undefined
20230916	19:49:21	323de7ad-e0f5-4c45-9091-f17194a1fb9b	GET	/css/style.css	undefined
20230916	19:49:21	a4daf405-7496-489b-b1a2-f92f7b89edae	GET	/favicon.ico	undefined
20230916	19:49:43	092a2727-66ea-487b-82e5-896473c62a3d	POST	/api/v1/user	undefined
20230916	19:52:24	701c709b-18bd-4710-8f1e-cdbb6a22abc4	POST	/api/v1/user/	undefined
20230916	19:53:48	d8db3815-9283-4efb-86c9-153fc2bd11d0	POST	/api/v1/user/	undefined
20230916	19:54:14	ea1fd0f5-adda-4d24-ab46-df5d44c198e9	POST	/api/v1/user/	undefined
20230916	19:54:40	be210d19-95ea-46b1-af86-4732f0a5f188	POST	/api/v1/user/	undefined
20230916	19:56:57	ecdadce3-0014-451c-af07-61eae4f7fc49	POST	/api/v1/user/	undefined
20230916	19:57:35	04fcdb0b-4cfb-4527-9cbe-f20b83405fbc	OPTIONS	/api/v1/user	http://localhost:3000
20230916	19:57:35	6c8fa534-4fb4-41fd-a580-92f1b1bce25c	POST	/api/v1/user	http://localhost:3000
20230916	19:57:53	4b889a77-ae0a-48cb-8137-79890abb4d60	OPTIONS	/api/v1/auth/login	http://localhost:3000
20230916	19:59:57	3d620a50-3c2d-4579-aee7-6152c194025b	OPTIONS	/api/v1/auth/login	http://localhost:3000
20230916	20:03:02	deeec450-b5ea-4984-845c-6a78c43727a8	OPTIONS	/api/v1/auth/login	http://localhost:3000
20230916	20:03:02	85412b1c-dd82-49f4-b278-90e5c251f28e	POST	/api/v1/auth/login	http://localhost:3000
20230916	20:06:13	ad815f87-3ad0-4e3c-a47e-67196c9471a3	OPTIONS	/api/v1/auth/login	http://localhost:3000
20230916	20:06:13	ada40504-2614-4478-b53b-aa9b4f1458a1	POST	/api/v1/auth/login	http://localhost:3000
20230916	20:07:08	54f43436-57c1-45a3-bcb3-541a1c177ca3	OPTIONS	/api/v1/auth/login	http://localhost:3000
20230916	20:07:08	256657f8-f166-439f-8dda-f005850ff76c	POST	/api/v1/auth/login	http://localhost:3000
20230916	20:13:40	769d88ee-9bdd-4770-af31-954fc8dcf0b4	OPTIONS	/api/v1/auth/logout	http://localhost:3000
20230916	20:13:40	f8936946-a8f9-4983-80ce-ec16fc6f2cc0	POST	/api/v1/auth/logout	http://localhost:3000
20230916	20:14:50	0fd64b06-9cc1-40b8-843a-483370d20927	OPTIONS	/api/v1/auth/login	http://localhost:3000
20230916	20:14:50	41886598-cd7a-4de1-813c-84d3e3cd14fa	POST	/api/v1/auth/login	http://localhost:3000
20230916	20:14:54	8e5e3489-3cad-4af0-8e6d-b77e51a01a06	OPTIONS	/api/v1/auth/logout	http://localhost:3000
20230916	20:14:54	72ad2018-bc89-4745-8997-822c4754e944	POST	/api/v1/auth/logout	http://localhost:3000
20230916	20:16:40	723420dd-900f-429c-ac10-1707887af5c2	OPTIONS	/api/v1/auth/login	http://localhost:3000
20230916	20:16:40	140cfb2e-7186-4732-a497-57d694baff23	POST	/api/v1/auth/login	http://localhost:3000
20230918	01:14:11	ac0492f0-9b9e-4cd0-b611-753b1fff367d	OPTIONS	/api/v1/auth/login	http://192.168.56.1:3000
20230918	01:14:50	be95540a-1881-494b-ac31-bd881dab4eab	OPTIONS	/api/v1/auth/login	http://192.168.56.1:3000
20230918	01:15:38	90e18314-ee3c-4b5f-9bb2-7a66985cbe1f	OPTIONS	/api/v1/auth/login	http://192.168.56.1:3000
20230918	01:15:38	fffd9c83-8ad0-41fe-97d6-85201c2a2f9e	POST	/api/v1/auth/login	http://192.168.56.1:3000
20230918	01:15:43	63e749a9-d55d-45a1-a0ac-7875a69ef0c8	OPTIONS	/api/v1/auth/logout	http://192.168.56.1:3000
20230918	01:15:43	b0bca33d-ba4c-40c2-abf0-a09772edf09e	POST	/api/v1/auth/logout	http://192.168.56.1:3000
20230918	01:16:35	62fc0100-c618-4c29-887a-f8be7c9c1fd6	OPTIONS	/api/v1/auth/login	http://192.168.56.1:3000
20230918	01:16:35	a3465bd9-6bdd-4254-b704-c804a7077a2d	POST	/api/v1/auth/login	http://192.168.56.1:3000
20230918	01:16:38	2f4b30c6-2709-4191-868a-fdf2457bf2b0	OPTIONS	/api/v1/auth/logout	http://192.168.56.1:3000
20230918	01:16:38	1bfa22d6-9458-4df1-97d4-e9bc8d2fe8f4	POST	/api/v1/auth/logout	http://192.168.56.1:3000
20230918	01:16:39	14fa3d9b-a687-4ce2-9d1e-5988e5a57a2a	OPTIONS	/api/v1/auth/login	http://192.168.56.1:3000
20230918	01:16:39	c7c7c992-2a57-421b-a54f-50abdd45e82e	POST	/api/v1/auth/login	http://192.168.56.1:3000
20230918	01:16:40	65a4f091-9a36-45a2-97fa-aca682e7869e	OPTIONS	/api/v1/auth/logout	http://192.168.56.1:3000
20230918	01:16:40	625ac4fd-a5f9-419b-aee7-0b6583d3ffea	POST	/api/v1/auth/logout	http://192.168.56.1:3000
20230918	01:16:41	044629d2-3d48-4a69-b6fc-427f1c2721a3	OPTIONS	/api/v1/auth/login	http://192.168.56.1:3000
20230918	01:16:41	bb57d46d-27e5-4aa1-b1ae-6e32b65b9e5f	POST	/api/v1/auth/login	http://192.168.56.1:3000
20230918	01:16:43	5d5e20f4-f5f5-4912-a122-4edcf3e8256f	OPTIONS	/api/v1/auth/logout	http://192.168.56.1:3000
20230918	01:16:43	8e588f69-a0a9-4772-aa15-97c63060ed93	POST	/api/v1/auth/logout	http://192.168.56.1:3000
20230918	01:16:44	2a6232ce-8912-4545-b4ae-a9fb221d7c1c	OPTIONS	/api/v1/auth/login	http://192.168.56.1:3000
20230918	01:16:44	dd64e28c-70b8-4a89-9cd0-d4e73b5436ba	POST	/api/v1/auth/login	http://192.168.56.1:3000
20230918	01:16:45	8f5e496d-ba7e-4089-8a19-fd7bea9910f0	OPTIONS	/api/v1/auth/logout	http://192.168.56.1:3000
20230918	01:16:45	d8d99daa-a841-4ae8-ac38-1afc16a6dfde	POST	/api/v1/auth/logout	http://192.168.56.1:3000
20230918	01:16:46	2b5fc4bf-e55a-4f40-a556-ad7706ded5ff	OPTIONS	/api/v1/auth/login	http://192.168.56.1:3000
20230918	01:16:46	740ca7a8-ff36-45ad-a448-49b484a2c24f	POST	/api/v1/auth/login	http://192.168.56.1:3000
20230918	01:16:47	3eb1ae5b-72b3-4995-9711-1144a2ec1176	OPTIONS	/api/v1/auth/logout	http://192.168.56.1:3000
20230918	01:16:47	8b28436e-f31c-4903-903c-b7b012e235ba	POST	/api/v1/auth/logout	http://192.168.56.1:3000
20230918	01:16:48	f2009e4a-35b6-41b1-b6d2-06121be5792f	OPTIONS	/api/v1/auth/login	http://192.168.56.1:3000
20230918	01:16:48	843a8c8c-66d3-4bf5-8aa4-290691178c40	POST	/api/v1/auth/login	http://192.168.56.1:3000
20230918	01:16:49	48e415c6-74ba-4abc-af48-46f559a6193d	OPTIONS	/api/v1/auth/logout	http://192.168.56.1:3000
20230918	01:16:49	a07e3edc-eb1f-4f7e-a452-00549be08943	POST	/api/v1/auth/logout	http://192.168.56.1:3000
20230918	01:16:50	4e06058c-337a-4ac2-b875-8ed755a651cc	OPTIONS	/api/v1/auth/login	http://192.168.56.1:3000
20230918	01:16:50	46051bdb-54aa-4164-b29c-df4cf24c9505	POST	/api/v1/auth/login	http://192.168.56.1:3000
20230918	01:16:53	cf861306-d0b1-46f8-896c-bde3791e5772	OPTIONS	/api/v1/auth/login	http://192.168.56.1:3000
20230918	01:16:53	15377a86-2a94-44e7-9816-8acce3f588f2	POST	/api/v1/auth/login	http://192.168.56.1:3000
20230918	01:16:55	a04ec526-f01e-4ab4-8320-9f6c238ed7b3	OPTIONS	/api/v1/auth/login	http://192.168.56.1:3000
20230918	01:16:55	7d058b22-4285-4195-a5fc-5e87f9c4df46	POST	/api/v1/auth/login	http://192.168.56.1:3000
20230918	01:17:50	e586a01b-a98b-423b-8f0e-d72f86f63fde	OPTIONS	/api/v1/auth/login	http://192.168.56.1:3000
20230918	01:17:50	d770abb5-168d-467f-85c3-d0b234e1833c	POST	/api/v1/auth/login	http://192.168.56.1:3000
20230918	01:17:52	54bbea85-aa97-4dc9-9d7f-82bbd5b6f6d5	OPTIONS	/api/v1/auth/logout	http://192.168.56.1:3000
20230918	01:17:52	e30a3b4d-8cfd-43c5-97b6-ab4cc38b44c0	POST	/api/v1/auth/logout	http://192.168.56.1:3000
20230918	01:17:53	57a2b12c-b690-4387-8414-9aa64bce0242	OPTIONS	/api/v1/auth/login	http://192.168.56.1:3000
20230918	01:17:53	ad2b1b3e-4e52-4834-9dac-7a1d60708d06	POST	/api/v1/auth/login	http://192.168.56.1:3000
20230918	01:17:55	dfae6c81-d380-4e73-85b1-4c83b97e645a	OPTIONS	/api/v1/auth/logout	http://192.168.56.1:3000
20230918	01:17:55	ab1e7c06-a585-4720-882a-2f5de28f4400	POST	/api/v1/auth/logout	http://192.168.56.1:3000
20230918	01:17:55	ca70f29d-d624-47d8-ba13-57a63759e449	OPTIONS	/api/v1/auth/login	http://192.168.56.1:3000
20230918	01:17:55	325c17f7-1a32-48c9-a674-0776d3c7485a	POST	/api/v1/auth/login	http://192.168.56.1:3000
20230918	01:17:57	8fdd772c-a774-4164-9ab2-541587b194b4	OPTIONS	/api/v1/auth/logout	http://192.168.56.1:3000
20230918	01:17:57	b3856833-d5a6-47d8-bf39-223ee1a382c4	POST	/api/v1/auth/logout	http://192.168.56.1:3000
20230918	01:17:58	cad17f99-3fe7-4c32-9af8-163d379cb4ab	OPTIONS	/api/v1/auth/login	http://192.168.56.1:3000
20230918	01:17:58	1490d519-5e7c-491e-9058-3553361ae74f	POST	/api/v1/auth/login	http://192.168.56.1:3000
20230918	01:18:00	6d80c023-f380-4e17-ba17-89e9e9502375	OPTIONS	/api/v1/auth/logout	http://192.168.56.1:3000
20230918	01:18:00	d2d201f5-c22f-4096-b29e-5ade71d97efe	POST	/api/v1/auth/logout	http://192.168.56.1:3000
20230918	01:18:01	9315043f-50df-4853-83ad-4e8031812102	OPTIONS	/api/v1/auth/login	http://192.168.56.1:3000
20230918	01:18:01	a20b5eab-dc65-4af0-ab53-ebf3a11f06ef	POST	/api/v1/auth/login	http://192.168.56.1:3000
20230918	01:18:02	e93f4ca8-f6df-42ac-8e79-e8af49367c22	OPTIONS	/api/v1/auth/logout	http://192.168.56.1:3000
20230918	01:18:02	40332489-2a01-4009-af04-631140b7e70d	POST	/api/v1/auth/logout	http://192.168.56.1:3000
20230918	01:18:03	b2980ec1-9347-4409-b82e-d18f79bcd200	OPTIONS	/api/v1/auth/login	http://192.168.56.1:3000
20230918	01:18:03	11908546-96d2-4550-8875-4045c7b91b79	POST	/api/v1/auth/login	http://192.168.56.1:3000
20230918	01:49:38	01f17396-b151-4a2f-8d42-2017d11dd711	OPTIONS	/api/v1/auth/login	http://localhost:3000
20230918	01:49:38	a6b589f6-5f60-4509-ba56-02d8772dd77e	POST	/api/v1/auth/login	http://localhost:3000
20230918	03:33:31	28760f58-964b-412e-b2e6-824fd5616915	OPTIONS	/api/v1/auth/login	http://localhost:3000
20230918	03:33:31	1d453432-6164-4430-a046-acfa440e3195	POST	/api/v1/auth/login	http://localhost:3000
20230918	03:36:59	11f21744-0e2a-49cb-ba3f-ae30c111a38b	OPTIONS	/api/v1/auth/login	http://localhost:3000
20230918	03:36:59	d792a9ae-8abd-4012-bef7-0cda8cdf2f14	POST	/api/v1/auth/login	http://localhost:3000
20230918	03:37:25	99fdf439-9c29-4254-bc36-dadfc6cd078a	OPTIONS	/api/v1/auth/login	http://localhost:3000
20230918	03:37:25	0d1be664-7e83-400c-bfbe-fc584b865837	POST	/api/v1/auth/login	http://localhost:3000
20230918	03:38:00	fbb677de-f1ce-4a56-b00e-9ede1681c495	OPTIONS	/api/v1/auth/login	http://localhost:3000
20230918	03:38:00	fddadf78-50c4-45c1-84bf-e1cf71c8e75a	POST	/api/v1/auth/login	http://localhost:3000
20230918	03:38:05	00b86972-771f-41ce-977c-da22deda31e3	GET	/api/v1/login	undefined
20230918	03:43:42	108790d4-c1f5-4b0d-b70f-094a57883160	OPTIONS	/api/v1/auth/login	http://localhost:3000
20230918	03:43:42	f50fb694-5706-4628-b302-cb01a395d309	POST	/api/v1/auth/login	http://localhost:3000
20230918	03:44:19	d3b94426-18a5-4619-a1f3-4989a060079d	OPTIONS	/api/v1/auth/login	http://localhost:3000
20230918	03:44:19	0be804af-a553-413d-9913-bf274fd6480a	POST	/api/v1/auth/login	http://localhost:3000
20230918	03:57:53	b43e9d57-fd3b-477b-91dc-02ed8f34a802	OPTIONS	/api/v1/auth/login	http://localhost:3000
20230918	03:57:53	1267ef67-af7a-4253-a4ff-208efb1df30d	POST	/api/v1/auth/login	http://localhost:3000
20230918	03:58:23	6c9ce4d1-b4fb-4347-bfd1-ea0b9ef5b267	OPTIONS	/api/v1/auth/login	http://localhost:3000
20230918	03:58:23	8ba2a241-0dac-4a6c-8bbb-d6c910316a3c	POST	/api/v1/auth/login	http://localhost:3000
20230918	03:59:12	8afde08c-73cf-403a-9207-933f01ccfaee	OPTIONS	/api/v1/auth/login	http://localhost:3000
20230918	03:59:12	023b9cde-ac1a-4976-a23b-c398ddede453	POST	/api/v1/auth/login	http://localhost:3000
20230918	04:01:25	79652110-fb61-4ba9-bac3-89dac3fa9a96	OPTIONS	/api/v1/auth/login	http://localhost:3000
20230918	04:01:25	883bc998-a7b1-4c6e-95bf-04cdfaa4a598	POST	/api/v1/auth/login	http://localhost:3000
20230918	04:08:38	a8d16ec1-3187-4f66-9cd2-043096b1bc0b	OPTIONS	/api/v1/auth/login	http://localhost:3000
20230918	04:08:38	f7bde60a-dc3d-438b-9616-35984dcbd32e	POST	/api/v1/auth/login	http://localhost:3000
20230918	04:09:57	22e539b5-3c99-47ef-af39-f0378d13072e	OPTIONS	/api/v1/auth/login	http://localhost:3000
20230918	04:09:57	d5db9b58-baa5-4aa6-9585-cde2a7306956	POST	/api/v1/auth/login	http://localhost:3000
20230918	04:10:46	f18e3b93-4e13-4dfe-8c4f-2872be3b005f	OPTIONS	/api/v1/auth/login	http://localhost:3000
20230918	04:10:46	3dde9f62-c699-4f03-a0b9-ba2c1d6cc89f	POST	/api/v1/auth/login	http://localhost:3000
20230918	04:12:37	39153cbc-69ab-4ff2-a057-bedeca7d4f46	OPTIONS	/api/v1/auth/login	http://localhost:3000
20230918	04:12:37	1cdc1a48-bba0-4614-af8a-bf2a7ea4238e	POST	/api/v1/auth/login	http://localhost:3000
20230918	04:17:01	3153817d-8bb5-4ce5-9661-07bf2cd1c9ec	OPTIONS	/api/v1/auth/login	http://localhost:3000
20230918	04:17:01	8d84b2c9-9e0f-424f-975d-420c471cf312	POST	/api/v1/auth/login	http://localhost:3000
20230918	04:18:39	aa187ae6-0ebe-4388-b762-6ac178f2d96d	OPTIONS	/api/v1/auth/login	http://localhost:3000
20230918	04:18:39	70265ba8-9af2-420b-859c-888eb1c40f7e	POST	/api/v1/auth/login	http://localhost:3000
20230918	04:19:00	cb9a7d46-2478-41b2-aaf1-f0311acc299f	OPTIONS	/api/v1/auth/login	http://localhost:3000
20230918	04:19:00	84f9e733-bedd-49b8-987a-f011b5ec5059	POST	/api/v1/auth/login	http://localhost:3000
20230918	04:30:10	230b535d-b120-473d-9426-4dea773713a4	OPTIONS	/api/v1/auth/login	http://localhost:3000
20230918	04:30:10	48d2ec2f-2c30-4d0b-a570-17eee8785f30	POST	/api/v1/auth/login	http://localhost:3000
20230918	04:33:53	a83c3dd7-b1d4-4c29-ae92-05a4f4360ddc	OPTIONS	/api/v1/auth/login	http://localhost:3000
20230918	04:33:53	6a9358d3-11c0-419a-b5a4-2f08263dde42	POST	/api/v1/auth/login	http://localhost:3000
20230918	04:34:36	854c3e79-31d7-4b2a-adc3-42f2cd25f5ec	OPTIONS	/api/v1/auth/login	http://localhost:3000
20230918	04:34:36	8dad03db-aa9a-42b0-a781-5c4c4d1d028a	POST	/api/v1/auth/login	http://localhost:3000
20230918	04:35:11	17f5d46c-26ab-47db-87b5-eedd4d05a39d	OPTIONS	/api/v1/auth/login	http://localhost:3000
20230918	04:35:11	13522210-102a-4dee-8fad-5aa8c5a77979	POST	/api/v1/auth/login	http://localhost:3000
20230918	04:41:29	a0559cf6-4af6-444f-9527-721336c80ad9	OPTIONS	/api/v1/auth/login	http://localhost:3000
20230918	04:41:29	464e488c-ea65-49e4-8e12-620e41265758	POST	/api/v1/auth/login	http://localhost:3000
20230918	05:01:11	0db24b75-f887-4525-88ae-bfde44ea1516	OPTIONS	/api/v1/auth/login	http://localhost:3000
20230918	05:01:11	6aebd52e-4f45-4755-abc9-0f46f918256c	POST	/api/v1/auth/login	http://localhost:3000
20230918	05:01:58	93e9a08e-b18b-4e58-9ded-db761198e74a	OPTIONS	/api/v1/auth/login	http://localhost:3000
20230918	05:01:58	b3d00642-ecea-448a-b1b7-2dd73c0bb239	POST	/api/v1/auth/login	http://localhost:3000
20230918	05:03:33	2e210fd4-9918-402f-94ca-d1df9d6c8e0e	OPTIONS	/api/v1/auth/login	http://localhost:3000
20230918	05:03:33	48cc4140-e4e1-459f-baf5-896d83688fed	POST	/api/v1/auth/login	http://localhost:3000
20230918	05:03:47	8d168cf7-bb32-4496-ba41-7713d57a5c03	OPTIONS	/api/v1/auth/login	http://localhost:3000
20230918	05:03:47	df5a8667-4b5e-4c02-b74c-26de9e572e1a	POST	/api/v1/auth/login	http://localhost:3000
20230918	05:05:25	20f03fed-23e1-427c-8d45-609e0a644489	GET	/api/v1/login	undefined
20230918	05:11:36	e0e9ce88-bab7-4d4f-8157-9b535da17470	OPTIONS	/api/v1/auth/login	http://localhost:3000
20230918	05:11:36	193677b2-8c23-4a0c-9eb6-715796c6c0ca	POST	/api/v1/auth/login	http://localhost:3000
20230918	05:12:06	8a090c36-b732-40f6-88db-43d30e23b141	OPTIONS	/api/v1/auth/login	http://localhost:3000
20230918	05:12:06	8d07b509-ac58-463c-ba55-98c2fe3a7cb4	POST	/api/v1/auth/login	http://localhost:3000
20230918	05:16:33	f388c40c-2181-4928-a502-4456bc801378	OPTIONS	/api/v1/auth/login	http://localhost:3000
20230918	05:16:33	8aa4655c-6dc3-4fd4-8652-0af0faf48c3e	POST	/api/v1/auth/login	http://localhost:3000
20230918	05:17:08	8de7064a-3819-4ba3-8635-2921b3592fd5	OPTIONS	/api/v1/auth/login	http://localhost:3000
20230918	05:17:08	72d57d23-fe3f-49d7-8102-63defc517aab	POST	/api/v1/auth/login	http://localhost:3000
20230918	05:21:13	5cf0085b-7652-4004-9cb5-3a300e072018	OPTIONS	/api/v1/auth/login	http://localhost:3000
20230918	05:21:13	e12d1167-849f-4b88-8d33-cc7e752740a2	POST	/api/v1/auth/login	http://localhost:3000
20230918	05:22:06	7142c853-8c71-42b7-8890-9497ec3d999a	OPTIONS	/api/v1/auth/login	http://localhost:3000
20230918	05:22:06	631cc72c-52c8-41fa-8ec4-5f7114999d6a	POST	/api/v1/auth/login	http://localhost:3000
20230918	20:37:32	c02e09a3-e902-42a2-bf3b-8697fb4ca08f	OPTIONS	/api/v1/auth/login	http://localhost:3000
20230918	20:37:32	f68f3012-2872-4534-8c83-69d654284625	POST	/api/v1/auth/login	http://localhost:3000
20230918	20:39:54	ed72771b-f4e5-40aa-a7f7-39fa09d04294	OPTIONS	/api/v1/auth/login	http://localhost:3000
20230918	20:39:54	17211b9e-1acd-4ca9-aed9-bc53258d7d7f	POST	/api/v1/auth/login	http://localhost:3000
20230918	20:40:48	c180fe09-b7f6-4c8d-aa1b-9b0fc7d6ade9	OPTIONS	/api/v1/auth/login	http://localhost:3000
20230918	20:40:48	192db567-7236-4be3-8f9b-047ebcb0c79b	POST	/api/v1/auth/login	http://localhost:3000
20230918	20:52:56	bf0556af-5d39-4916-92ae-e90e9089e098	OPTIONS	/api/v1/auth/login	http://localhost:3000
20230918	20:52:56	8c532571-22a7-43be-a424-4818d2738418	POST	/api/v1/auth/login	http://localhost:3000
20230918	20:53:22	2dc7a22c-37a2-4181-a6ea-de83c8456293	OPTIONS	/api/v1/auth/login	http://localhost:3000
20230918	20:53:22	d10cba09-554f-4610-96a1-3ac42e0b5c61	POST	/api/v1/auth/login	http://localhost:3000
20230918	20:56:24	c3a7daa4-5742-475b-a713-f49c906e69c5	OPTIONS	/api/v1/auth/login	http://localhost:3000
20230918	20:56:24	83fae5b2-6c35-4f28-96a6-df5e87913cf8	POST	/api/v1/auth/login	http://localhost:3000
20230918	21:00:45	6846f0cf-a2f4-494e-930f-3dcc2dc075c7	OPTIONS	/api/v1/auth/login	http://localhost:3000
20230918	21:00:45	1bffd2b9-2512-481b-b143-0e45f2496cc2	POST	/api/v1/auth/login	http://localhost:3000
20230918	21:10:28	216a0c50-0868-476d-9506-3921d872ac19	OPTIONS	/api/v1/auth/login	http://localhost:3000
20230918	21:10:28	50394bde-4766-4b4d-b4b9-11cdc7a405d7	POST	/api/v1/auth/login	http://localhost:3000
20230918	21:11:06	028af043-a2ce-441c-94da-31fb5b165cf0	OPTIONS	/api/v1/auth/login	http://localhost:3000
20230918	21:11:06	982e08d1-3bdf-4faa-84c8-c541933e482d	POST	/api/v1/auth/login	http://localhost:3000
20230918	21:13:33	28c3e630-9301-471e-be42-7282e1d9c2bf	OPTIONS	/api/v1/auth/login	http://localhost:3000
20230918	21:13:33	a5dc4949-684c-458c-ab32-3748403a168b	POST	/api/v1/auth/login	http://localhost:3000
20230918	21:13:52	bbd4f63f-ff68-4e64-9979-3c453f2bf253	OPTIONS	/api/v1/auth/login	http://localhost:3000
20230918	21:13:52	e18d89bd-5ac7-4fe2-ae93-2a7d51dee138	POST	/api/v1/auth/login	http://localhost:3000
20230918	21:22:00	c3412bfb-64a2-41c5-bebf-a786083be44d	OPTIONS	/api/v1/auth/login	http://localhost:3000
20230918	21:22:00	2b398754-ffd7-4c79-88db-85d8033e954c	POST	/api/v1/auth/login	http://localhost:3000
20230918	21:27:43	8a5f4c2f-09c5-44ba-b952-a441ccc3199c	OPTIONS	/api/v1/auth/login	http://localhost:3000
20230918	21:27:43	d4fc9cc6-5cff-4a2f-bba0-3b7f16e3f406	POST	/api/v1/auth/login	http://localhost:3000
20230918	21:59:33	31bdd892-5b9c-44fb-8046-15cdc7c6a640	OPTIONS	/api/v1/auth/login	http://localhost:3000
20230918	21:59:33	c50ca23b-a74b-40c9-ae20-66cb7b1563ca	POST	/api/v1/auth/login	http://localhost:3000
20230918	21:59:50	fc495a37-8f5a-4610-b708-08bb201beaca	OPTIONS	/api/v1/auth/login	http://localhost:3000
20230918	21:59:50	949f8e9f-fd16-4566-a4c2-59d4c3050c9a	POST	/api/v1/auth/login	http://localhost:3000
20230918	22:09:02	67573feb-6554-42d3-95ba-664b743082ac	GET	/api/v1/login	undefined
20230918	22:27:14	723fa472-12bf-484e-ae7a-9e1a21722969	OPTIONS	/api/v1/auth/login	http://localhost:3000
20230918	22:27:14	1f55e31f-b6ef-43f6-9874-e93dd04f7117	POST	/api/v1/auth/login	http://localhost:3000
20230919	00:49:53	57905f5e-e74d-4350-9fe2-143ad4f998a7	OPTIONS	/api/v1/auth/login	http://localhost:3000
20230919	00:49:53	db5d1a9e-5e2e-4641-936a-39c522f71237	POST	/api/v1/auth/login	http://localhost:3000
20230919	00:55:53	40c3cd9a-13f5-44e1-a492-26e08edf0c2c	OPTIONS	/api/v1/auth/login	http://localhost:3000
20230919	00:55:53	5939ae16-1b2f-45ac-a35b-b46023f60402	POST	/api/v1/auth/login	http://localhost:3000
20230919	00:56:23	60d5be77-34e8-47f9-a472-e01e7865268f	OPTIONS	/api/v1/auth/login	http://localhost:3000
20230919	00:56:23	17c4db5c-41fe-45bd-9c14-7dd450893339	POST	/api/v1/auth/login	http://localhost:3000
20230919	00:56:31	e4c27e1f-c088-4826-b9c7-00edcdb5520e	OPTIONS	/api/v1/auth/login	http://localhost:3000
20230919	00:56:31	bddb408f-9fdd-4240-b827-821e76dbccfa	POST	/api/v1/auth/login	http://localhost:3000
20230919	01:01:34	435cc085-88d7-4249-a8b6-c180414f960d	OPTIONS	/api/v1/auth/login	http://localhost:3000
20230919	01:01:34	dff568c3-ff7d-4537-a79c-7d7175a037c2	POST	/api/v1/auth/login	http://localhost:3000
20230919	01:13:07	d333d1fe-b08c-4ebb-8f20-73bb490ce4b6	OPTIONS	/api/v1/auth/login	http://localhost:3000
20230919	01:13:07	1c741d86-b41d-42cc-80b8-4b85901ab7a2	POST	/api/v1/auth/login	http://localhost:3000
20230919	01:17:01	10b9a288-996e-4915-b482-33248b497f22	OPTIONS	/api/v1/auth/login	http://localhost:3000
20230919	01:17:01	bb8b0e6b-49ab-4aad-9e0f-c4b953180090	POST	/api/v1/auth/login	http://localhost:3000
20230919	01:19:29	ff7c6e7c-c866-4d73-af3e-fdaf55883bf7	OPTIONS	/api/v1/auth/login	http://localhost:3000
20230919	01:19:29	8bea038b-a995-4701-be9d-74f082816808	POST	/api/v1/auth/login	http://localhost:3000
20230919	01:21:59	3c7bf07f-c04d-411c-acfc-6e35393bbb88	OPTIONS	/api/v1/auth/login	http://localhost:3000
20230919	01:21:59	0cb089be-c239-4aa6-aeaa-7ca1ef26221d	POST	/api/v1/auth/login	http://localhost:3000
20230919	01:25:20	048fa3e8-b1d9-4229-988c-5c3f182953c0	OPTIONS	/api/v1/auth/login	http://localhost:3000
20230919	01:25:20	60f38b80-572b-46c8-b626-61fcdeca086e	POST	/api/v1/auth/login	http://localhost:3000
20230919	01:40:14	d4c3dd6c-dcde-4cf7-8028-d3f3980424c9	OPTIONS	/api/v1/auth/login	http://localhost:3000
20230919	01:40:14	a0b18d8b-22cc-4188-be63-d0ecb45da448	POST	/api/v1/auth/login	http://localhost:3000
20230919	02:18:53	7863f607-8ca7-47c7-b27f-2500cf4f923f	OPTIONS	/api/v1/auth/login	http://localhost:3000
20230919	02:18:53	aa8ac39c-e851-4a3c-9015-54dedc978ab6	POST	/api/v1/auth/login	http://localhost:3000
20230919	02:19:32	af50bf39-ba4c-44cf-8420-a18de70029bc	OPTIONS	/api/v1/auth/login	http://localhost:3000
20230919	02:19:32	53322f1d-8a28-451b-a76a-c18522d80343	POST	/api/v1/auth/login	http://localhost:3000
20230919	02:21:25	e8fc9950-ac26-4cc9-8624-4f420a631eb3	OPTIONS	/api/v1/auth/login	http://localhost:3000
20230919	02:21:25	62a2cded-1eeb-4abf-b2d5-d6b48b82df38	POST	/api/v1/auth/login	http://localhost:3000
20230919	02:21:39	77c056b9-7e28-46b5-9fa4-6fc1c7139d7d	GET	/api/v1/auth/refresh	http://localhost:3000
20230919	02:23:44	0d8cc652-cef0-478a-80de-0a6ecc2ce1f8	OPTIONS	/api/v1/auth/login	http://localhost:3000
20230919	02:23:44	2f7a1474-cd73-4a59-b7f6-2037d2a2bf4e	POST	/api/v1/auth/login	http://localhost:3000
20230919	02:23:53	1c9540a1-061a-4f49-b186-cdd24776478e	GET	/api/v1/auth/refresh	http://localhost:3000
20230919	02:24:42	f277c92c-2208-4bf3-9f85-7e84d9a4f0dc	OPTIONS	/api/v1/auth/login	http://localhost:3000
20230919	02:24:42	114d5bc5-2e50-4c1f-a500-201cdedf3431	POST	/api/v1/auth/login	http://localhost:3000
20230919	02:24:49	e8c482bc-69a4-43c4-a93b-dcf974b04ab4	GET	/api/v1/auth/refresh	http://localhost:3000
20230919	02:25:40	55188210-1864-4d4e-b9fc-fcfadcdaff8c	OPTIONS	/api/v1/auth/login	http://localhost:3000
20230919	02:25:40	1d3c6972-786a-41ef-b5f8-09102431ccb6	POST	/api/v1/auth/login	http://localhost:3000
20230919	02:25:47	076e0899-effc-414b-aa9a-db944348dd41	GET	/api/v1/auth/refresh	http://localhost:3000
20230919	02:26:13	58e3eeed-5555-456c-8c48-77fdcb64b08a	OPTIONS	/api/v1/auth/login	http://localhost:3000
20230919	02:26:13	50a94fad-dc64-42b7-85a4-77cf6064d7c7	POST	/api/v1/auth/login	http://localhost:3000
20230919	02:26:18	86a0bad5-6f14-4033-bf13-e5fb1bd6e244	GET	/api/v1/auth/refresh	http://localhost:3000
20230919	02:26:57	85097c1d-dd86-4c2b-9bdb-31579448b3d5	OPTIONS	/api/v1/auth/login	http://localhost:3000
20230919	02:26:57	38aea83a-86e6-452a-b512-b08bb2cd3acf	POST	/api/v1/auth/login	http://localhost:3000
20230919	02:27:04	01736d4e-37d4-4ef6-9bad-ec5f22cd63d0	GET	/api/v1/auth/refresh	http://localhost:3000
20230919	02:27:17	9a73f5a4-cc91-4b02-83b9-e256a2bd0760	GET	/api/v1/auth/refresh	http://localhost:3000
20230919	02:32:48	4183885a-3cbc-4f66-b23d-2bf066eefbf9	GET	/api/v1/auth/refresh	http://localhost:3000
20230919	02:35:27	27a0a62a-a5aa-4424-a444-f2fe2eceea82	GET	/api/v1/auth/refresh	http://localhost:3000
20230919	02:35:33	56c6fedf-9900-4f9d-9c15-4ba2836c041e	GET	/api/v1/auth/refresh	http://localhost:3000
20230919	02:35:44	7db78ca5-2d47-4d90-8502-df3c1d4180fe	GET	/api/v1/auth/refresh	http://localhost:3000
20230919	02:40:27	d717c1e1-7be4-483b-b558-85c2c8f4ec25	GET	/api/v1/auth/refresh	http://localhost:3000
20230919	02:41:52	99b388d5-d5b3-41ab-b31c-9685f166c338	GET	/api/v1/auth/refresh	http://localhost:3000
20230919	02:48:18	a964c0f5-40c1-42fc-a9ad-c194766ccf1a	OPTIONS	/api/v1/auth/logout	http://localhost:3000
20230919	02:48:18	2529ad93-8f3c-4e91-bf97-1458fd4572f7	POST	/api/v1/auth/logout	http://localhost:3000
20230919	02:48:26	10c7396c-a924-48dd-8306-c84e61a5cf6e	OPTIONS	/api/v1/auth/login	http://localhost:3000
20230919	02:48:26	9542e307-6975-452c-9a93-7c732e82a9d4	POST	/api/v1/auth/login	http://localhost:3000
20230919	02:51:27	f8ac976e-35e1-4e54-92ba-224eaf46523c	GET	/api/v1/auth/refresh	http://localhost:3000
20230919	02:58:03	bbb31c43-0c29-4689-8801-f2331b0d1a4e	GET	/api/v1/auth/refresh	http://localhost:3000
20230919	04:15:25	1107c69e-6d40-4b42-ba0c-fe372e59384e	GET	/api/v1/auth/refresh	http://localhost:3000
20230919	04:16:13	a33d6ca2-a9b1-48a4-ae7a-b8e1c8e3fc03	GET	/api/v1/auth/refresh	http://localhost:3000
20230919	04:16:15	9445c2dd-785b-42e2-a234-e1fe5ee1a9a9	GET	/api/v1/auth/refresh	http://localhost:3000
20230919	04:16:23	00580eae-f111-491d-88b8-0800210c1eca	GET	/api/v1/auth/refresh	http://localhost:3000
20230919	04:16:30	01aec4da-7b6e-4aa6-bcce-6844b88b84da	GET	/api/v1/auth/refresh	http://localhost:3000
20230919	04:16:37	46710248-50bb-48d1-b1b2-89202f33ce3d	GET	/api/v1/auth/refresh	http://localhost:3000
20230919	04:16:39	e296d898-dd79-4120-becf-f670614abe02	GET	/api/v1/auth/refresh	http://localhost:3000
20230919	04:16:48	0fabf0e1-de09-4384-970e-4f4f749edf05	GET	/api/v1/auth/refresh	http://localhost:3000
20230919	04:17:46	612445c3-23ac-4765-b6fe-a0e79e9980af	GET	/api/v1/auth/refresh	http://localhost:3000
20230919	04:18:24	92481eac-c8c4-44ed-b367-ee5e83c73867	GET	/api/v1/auth/refresh	http://localhost:3000
20230919	04:19:19	61d9e0ad-bf27-4593-8736-9adafa0b2113	GET	/api/v1/auth/refresh	http://localhost:3000
20230919	04:21:31	b3e00877-0698-4ced-9e2c-1f80205c6423	GET	/api/v1/auth/refresh	http://localhost:3000
20230919	04:22:30	a5d82a8a-f0f7-4eea-ac5c-c050766836b9	GET	/api/v1/auth/refresh	http://localhost:3000
20230919	04:23:08	bf4f7578-a28e-4a2f-a282-26a22650e6ff	GET	/api/v1/auth/refresh	http://localhost:3000
20230919	04:24:00	5bc1d364-24fb-4332-8210-6612168d1485	GET	/api/v1/auth/refresh	http://localhost:3000
20230919	04:25:17	2ea2a567-55f6-4498-9c29-51484d0252d2	GET	/api/v1/auth/refresh	http://localhost:3000
20230919	04:36:04	d4758c26-72af-4ae9-ad82-bea7935baa6e	GET	/api/v1/auth/refresh	http://localhost:3000
20230919	04:37:56	3b06e3cf-1733-4523-99ad-ee43b215705f	GET	/api/v1/auth/refresh	http://localhost:3000
20230919	04:38:33	5d0a3f33-1217-4a08-bae7-11b79c6e83e8	GET	/api/v1/auth/refresh	http://localhost:3000
20230919	04:40:34	6f268f42-1a26-46fb-b90e-29cae98abec8	GET	/api/v1/auth/refresh	http://localhost:3000
20230919	04:43:05	b43626ba-1987-4dfb-beb4-c767a169099a	GET	/api/v1/auth/refresh	http://localhost:3000
20230919	04:44:53	26bfce4b-6a18-4456-8e70-84dd1982f3df	GET	/api/v1/auth/refresh	http://localhost:3000
20230919	04:45:42	9f5ced3e-ffaf-4de8-9fbc-2271f584766e	GET	/api/v1/auth/refresh	http://localhost:3000
20230919	04:46:00	4358aa9a-4ba1-4b28-bb6a-f5dbfce2f0b1	GET	/api/v1/auth/refresh	http://localhost:3000
20230919	04:48:56	4f2666b9-6882-4d63-9f7c-ecb0e6805519	GET	/api/v1/auth/refresh	http://localhost:3000
20230919	04:49:36	68e6e742-6842-463f-9294-4166b8980a4f	GET	/api/v1/auth/refresh	http://localhost:3000
20230919	05:04:40	a1cabec7-61e6-4432-9561-7d6682af6b2b	GET	/api/v1/auth/refresh	http://localhost:3000
20230919	05:06:00	cfa69683-6172-4422-8fc1-89cbc1fe8b0f	GET	/api/v1/auth/refresh	http://localhost:3000
20230919	05:07:00	6fc9d6fc-fcd6-43a5-aef5-7958d8cf92a5	GET	/api/v1/auth/refresh	http://localhost:3000
20230919	05:07:14	e58530f9-9dd1-4443-8f10-684e83356bc4	GET	/api/v1/auth/refresh	http://localhost:3000
20230919	05:07:38	0fbafa1a-b3b2-4142-a4a8-65d09ff2e8aa	GET	/api/v1/auth/refresh	http://localhost:3000
20230919	05:09:09	389f431b-3649-492c-a6da-f2c5ccc6c461	GET	/api/v1/auth/refresh	http://localhost:3000
20230919	05:09:15	474cd57d-ad1e-4167-a270-3ab6a5dc3422	GET	/api/v1/auth/refresh	http://localhost:3000
20230919	05:09:18	4a08f63a-530b-49ef-8d7a-b14600fd8a74	GET	/api/v1/auth/refresh	http://localhost:3000
20230919	05:13:28	8cb4b4de-90d0-4744-b94b-b00ad5cee0c2	GET	/api/v1/auth/refresh	http://localhost:3000
20230919	05:13:36	18b1e2f5-b69b-4187-9dd2-ff7b26436ecb	GET	/api/v1/auth/refresh	http://localhost:3000
20230919	05:15:25	e7f42da6-bf14-450b-a182-996f62134508	GET	/api/v1/auth/refresh	http://localhost:3000
20230919	05:15:52	0aaee52f-be39-427a-bb48-1860d4dc14e0	GET	/api/v1/auth/refresh	http://localhost:3000
20230919	05:16:03	cd5f4d3d-bbc0-4b5d-9bc8-9f7243da2f67	GET	/api/v1/auth/refresh	http://localhost:3000
20230919	05:19:51	21328c15-8bba-404d-b56c-63cbf28d8a85	GET	/api/v1/auth/refresh	http://localhost:3000
20230919	05:21:16	f3e726a6-1349-4e1a-a8fa-c7b1e2d0df89	GET	/api/v1/auth/refresh	http://localhost:3000
20230919	05:31:08	0cc300cc-2062-43f3-a15b-d7718e374068	GET	/api/v1/auth/refresh	http://localhost:3000
20230919	05:31:18	06e54606-ea57-4169-9090-8c9f0fae7d93	GET	/api/v1/auth/refresh	http://localhost:3000
20230919	05:31:47	3a52dfa0-c40f-4e7f-a8a0-7e069a550e34	GET	/api/v1/auth/refresh	http://localhost:3000
20230919	05:33:31	afb04256-22d8-438a-a54e-ece1e82946c1	GET	/api/v1/auth/refresh	http://localhost:3000
20230919	05:33:45	ae4e0583-688e-42a4-9662-e85343c3cc97	GET	/api/v1/auth/refresh	http://localhost:3000
20230919	05:33:54	6cc745d1-7eb3-4fc3-b38a-36ef4e347b31	GET	/api/v1/auth/refresh	http://localhost:3000
20230919	05:34:06	87ca3cc5-ece4-4179-b67e-160029831a38	GET	/api/v1/auth/refresh	http://localhost:3000
20230919	05:34:12	3dfd1316-3ba9-4208-af4e-c70346c38817	GET	/api/v1/auth/refresh	http://localhost:3000
20230919	05:34:16	9f1b184b-c8f8-4019-9a0c-dc0052a2c09b	GET	/api/v1/auth/refresh	http://localhost:3000
20230919	05:34:23	194819ff-c152-41b7-b79a-9f5255828ed7	GET	/api/v1/auth/refresh	http://localhost:3000
20230919	05:34:24	e7dff339-7416-4058-b29b-292f42ba9dcf	GET	/api/v1/auth/refresh	http://localhost:3000
20230919	07:14:51	4b6581a3-215b-4ea5-b284-61ef0f49e445	GET	/api/v1/auth/refresh	http://localhost:3000
20230919	07:21:13	556ecf58-49b2-4536-8dae-a1772e76591c	GET	/api/v1/addGroupe	undefined
20230919	07:21:29	3d3a75a4-7ad7-416a-bba6-2e92f8e5e691	GET	/api/v1/auth/refresh	http://localhost:3000
20230919	21:10:53	9c6101be-7f43-46bc-8e7c-7b36fb66c223	GET	/api/v1/auth/refresh	http://localhost:3000
20230926	22:21:24	01d2b7a1-97cd-481e-898e-1a709b39e9fe	GET	/api/v1/auth/refresh	http://localhost:3000
20230926	22:21:35	55d89ad9-cb99-4851-9a3f-8676eb5f93f8	OPTIONS	/api/v1/auth/login	http://localhost:3000
20230926	22:21:35	8e451b33-2918-49ca-a678-75a6e1922eb5	POST	/api/v1/auth/login	http://localhost:3000
20230926	22:21:38	c7f7d6c9-2ee9-480d-bd24-8b048a062dba	GET	/api/v1/auth/refresh	http://localhost:3000
20230926	22:52:57	2ff8190c-2e61-446e-b8ae-9e4fb3756a58	GET	/api/v1/auth/refresh	http://localhost:3000
20230926	22:53:07	5ef481e7-b4ee-42e8-8594-47997d4bc295	GET	/api/v1/auth/refresh	http://localhost:3000
20230926	22:54:00	3a77ce75-a6a7-470f-9959-94472989d641	GET	/api/v1/user/	undefined
20230926	22:54:51	d4abe47d-c0d2-4246-85e6-6ffb0139b610	GET	/api/v1/auth/refresh	http://localhost:3000
20230926	22:55:20	5ac1205d-3ef5-4be1-b4c6-f7760fb1b7c7	GET	/api/v1/user/	undefined
20230926	22:55:28	c2a3b15d-c8c7-4d46-9edd-7f2d9ff46d6d	GET	/api/v1/auth/refresh	http://localhost:3000
20230926	22:56:00	deb2e840-b9cd-4b56-bf74-f2465916b343	GET	/api/v1/auth/refresh	http://localhost:3000
20230926	22:56:04	cb140dd1-6ad8-4f03-93ef-80450f227bcc	GET	/api/v1/auth/refresh	http://localhost:3000
20230926	22:56:22	176c38e0-4655-4f91-af21-2aaaf5b43931	GET	/api/v1/user/	undefined
20230926	22:56:25	3960e20c-46c7-4a42-8410-4da5e69a9629	GET	/api/v1/user/	undefined
20230926	22:57:15	55aacc13-3b85-4338-abcf-810063031981	OPTIONS	/api/v1/auth/logout	http://localhost:3000
20230926	22:57:15	8cfc7dad-28c0-4a91-a535-82257d04ef96	POST	/api/v1/auth/logout	http://localhost:3000
20230926	22:57:19	6f29be55-7308-4d74-afe7-00f2535c12c1	OPTIONS	/api/v1/auth/login	http://localhost:3000
20230926	22:57:19	d8d9be02-041f-45be-8457-778996674505	POST	/api/v1/auth/login	http://localhost:3000
20230926	22:57:37	22644699-06c4-402e-a4f0-35abe1d0d144	GET	/api/v1/user/	undefined
20230926	22:59:39	083833cc-42bc-4f81-b8cd-3c438e671dbe	GET	/api/v1/user/	undefined
20230926	22:59:47	dd9479de-8323-4ca4-a2fd-7d3e348e59ad	GET	/api/v1/auth/refresh	http://localhost:3000
20230926	23:00:02	02440459-2182-4aea-b224-001479521f9d	GET	/api/v1/user/	undefined
20230926	23:00:36	e810681a-1a90-4f2b-985e-623aadad3b54	GET	/api/v1/user/	undefined
20230926	23:01:32	1292201c-78fb-4a3d-a56d-b4ff50ef5725	GET	/api/v1/user/	undefined
20230926	23:02:12	7967c5ab-7eff-416c-8721-9ef9e97667ed	GET	/api/v1/auth/refresh	http://localhost:3000
20230926	23:02:29	9a3fa000-db53-438e-89e0-50252413e5f9	GET	/api/v1/user/	undefined
20230926	23:04:49	82ee44ec-9f18-43c9-8129-572581e574c7	GET	/api/v1/user/	undefined
20230926	23:05:52	00ade658-61b2-4885-b77b-d310ff8f0f4f	GET	/api/v1/user/	undefined
20230926	23:06:09	57a32c35-b6f5-42ec-a946-b74b63415e01	GET	/api/v1/auth/refresh	http://localhost:3000
20230926	23:08:13	f15758d5-667e-4ed7-8888-2fe6f649cb34	GET	/api/v1/user/	undefined
20230926	23:08:34	d4df3afc-f8d4-4f94-a639-ce741f64dd7f	GET	/api/v1/user/	undefined
20230926	23:08:41	b2093ad2-5fd8-4217-ae47-a7964e9ac394	GET	/api/v1/user/	undefined
20230926	23:09:31	fada7e6c-fd3e-470f-a678-13e7380b05a6	GET	/api/v1/user/	undefined
20230926	23:09:48	bfaf32fb-7a05-4306-bc59-93f5ae780f54	GET	/api/v1/user/	undefined
20230926	23:09:49	ec78cc22-004a-4c3e-83bf-ed69e178fdcd	GET	/api/v1/user/	undefined
20230926	23:09:50	51fc01a0-bed8-4637-888c-26fbf6183027	GET	/api/v1/user/	undefined
20230926	23:09:51	77dacd0e-3274-449f-b2f9-0981261efc6d	GET	/api/v1/user/	undefined
20230926	23:10:07	1cbc8084-0381-4388-aa68-f51d4ca4827d	GET	/api/v1/user/	undefined
20230926	23:10:19	e07ba50e-f8af-429b-b948-bfe3fca470f7	GET	/api/v1/user/	undefined
20230926	23:10:28	b6bb740e-c676-444b-aece-a774589dd2cf	GET	/api/v1/user/	undefined
20230926	23:10:29	3690955f-d4af-4e3e-af2d-83392638c1ee	GET	/api/v1/user/	undefined
20230926	23:10:30	8320aaec-3a81-4a50-a1ca-91d45aac532f	GET	/api/v1/user/	undefined
20230926	23:10:46	c7b5add0-d08f-4d35-b224-a274931fe853	POST	/api/v1/user/	undefined
20230926	23:10:49	db6f612a-9086-45c9-bea2-3b3ae9891b46	POST	/api/v1/user/	undefined
20230926	23:10:55	6a3bf01b-cc66-41db-883f-492cb8abf6f4	POST	/api/v1/user	undefined
20230926	23:10:57	0d9f38f1-502f-4ab2-b482-a8b62b6d7869	POST	/api/v1/user	undefined
20230926	23:11:03	a6452ea0-9bf2-4471-bf9b-9a5e1a1dfe3c	POST	/api/v1/user	undefined
20230926	23:11:21	c3f03715-a87a-4295-9966-cb650d6c3260	POST	/api/v1/user	undefined
20230926	23:11:30	41bce149-d8b7-45e1-9a5a-fae77d2fbbbd	POST	/api/v1/auth	undefined
20230926	23:11:45	ad073af9-28f5-4c71-a895-be0f9a5c7046	POST	/api/v1/auth/login	undefined
20230926	23:12:14	97fb447d-5fa2-433a-b6b8-afd0ff8e4dd9	GET	/api/v1/user	undefined
20230926	23:12:22	f9469d09-791e-43fa-b3c7-380f8b11fe5b	GET	/api/v1/user	undefined
20230926	23:13:13	747185f6-211b-4107-af09-08e0da809ea4	GET	/api/v1/auth/refresh	http://localhost:3000
20230926	23:13:27	9645a32d-1e02-4d8d-9dfa-0f0b8e031326	GET	/api/v1/user	undefined
20230926	23:13:36	c665712e-1da3-4933-9d7d-84ffa8294054	GET	/api/v1/user	undefined
20230926	23:13:41	57ccccd8-94dd-4555-b5ef-309cc1f265b6	GET	/api/v1/user	undefined
20230926	23:13:43	7c11c256-488a-4f41-9fcd-61e243dd1908	GET	/api/v1/user	undefined
20230926	23:13:44	c71d2c95-fdca-487c-a1b5-804718a24b97	GET	/api/v1/user	undefined
20230926	23:13:45	d0b43449-0548-4e58-a516-3fb331d42c83	GET	/api/v1/user	undefined
20230926	23:16:01	1516a9fc-cdd4-42e1-bdb1-60b3ccd89a58	GET	/api/v1/user	undefined
20230926	23:16:19	4c8151b2-6314-4dc0-b437-b6d0dc4f5d4d	GET	/api/v1/user	undefined
20230926	23:16:37	5f89f0a1-a4ac-4d0d-8751-af31763bdd7a	GET	/api/v1/user	undefined
20230926	23:19:17	6ff295ad-a765-4cfe-b34d-a4d20c1c1df5	GET	/api/v1/auth/refresh	http://localhost:3000
20230926	23:19:24	1ab11c3a-b745-4861-9abc-554dc73800cc	GET	/api/v1/auth/refresh	http://localhost:3000
20230926	23:26:14	e082e4c7-5e08-4369-a78f-b573efb45a1d	GET	/api/v1/auth/refresh	http://localhost:3000
20230926	23:26:15	86cd0e53-44f0-464f-b75f-9f666668c588	OPTIONS	/api/v1/user	http://localhost:3000
20230926	23:26:15	71444163-4ca4-4707-8cf6-48db35b537aa	GET	/api/v1/user	http://localhost:3000
20230926	23:26:41	ce71b723-3a31-4644-84b5-2dafd25227d7	OPTIONS	/api/v1/user	http://localhost:3000
20230926	23:26:41	9e562255-529d-4991-a703-9f949e869ba2	GET	/api/v1/user	http://localhost:3000
20230926	23:26:48	26c5213e-7504-4eb3-85bc-89d52e3d5b0c	GET	/api/v1/auth/refresh	http://localhost:3000
20230926	23:26:48	93226f71-5dd4-4579-b524-8e61592afabb	OPTIONS	/api/v1/user	http://localhost:3000
20230926	23:26:48	3564fdb9-41ea-4843-b696-a71508896f50	GET	/api/v1/user	http://localhost:3000
20230926	23:27:29	f49dc98a-9c11-4a99-8cf0-0a0357dbc3fe	GET	/api/v1/auth/refresh	http://localhost:3000
20230926	23:27:29	ae753578-6be6-4319-a66a-7f5c7c02abd4	OPTIONS	/api/v1/user	http://localhost:3000
20230926	23:27:29	9e06a4c6-f516-4a94-90c9-7b237afdf7ce	GET	/api/v1/user	http://localhost:3000
20230926	23:27:35	409815f5-9847-42ff-bb99-86249cf5f208	GET	/api/v1/auth/refresh	http://localhost:3000
20230926	23:27:35	da8b25ff-6605-467f-a08a-dc3648c5ddbf	OPTIONS	/api/v1/user	http://localhost:3000
20230926	23:27:35	03b7793c-b5d9-4329-a039-20e052b2bd32	GET	/api/v1/user	http://localhost:3000
20230926	23:28:16	260937fd-b252-4ac5-ad42-47ac2504a353	GET	/api/v1/auth/refresh	http://localhost:3000
20230926	23:28:16	f31201fb-3c22-4263-bb55-f26e1fdc783a	OPTIONS	/api/v1/user	http://localhost:3000
20230926	23:28:16	1f561c73-6e45-4515-abf1-7fa58973c253	GET	/api/v1/user	http://localhost:3000
20230926	23:28:38	938ce0ab-5db2-4d46-8250-86b3fc827cdc	GET	/api/v1/main.5bffda25be7412a43ed5.hot-update.json	undefined
20230926	23:28:39	0416cbb2-4703-47e7-93fc-88f25a3b6fa7	GET	/api/v1/auth/refresh	http://localhost:3000
20230926	23:28:39	0a2d4f6f-e403-4505-9ff6-e79ed3ffe051	OPTIONS	/api/v1/user	http://localhost:3000
20230926	23:28:39	b9a08486-8548-48ea-85bb-8a890183238b	GET	/api/v1/user	http://localhost:3000
20230926	23:31:07	2fc7717d-8473-4bc1-a4b4-c19df8681625	GET	/api/v1/auth/refresh	http://localhost:3000
20230926	23:31:07	638230d9-ac45-4d05-bd2b-f35e6630657d	OPTIONS	/api/v1/user	http://localhost:3000
20230926	23:31:07	876dec54-7507-4359-ad4a-26704076fd83	GET	/api/v1/user	http://localhost:3000
20230926	23:31:41	6732fb50-245f-4f08-aa86-fe4246687b0f	GET	/api/v1/auth/refresh	http://localhost:3000
20230926	23:31:42	cbc8b377-2823-44b2-9dd3-5e4b99c28357	OPTIONS	/api/v1/user	http://localhost:3000
20230926	23:31:42	8e126422-cc94-49ae-814e-9e6351673a30	GET	/api/v1/user	http://localhost:3000
20230926	23:34:14	fb46ee65-5b36-4813-98f2-8c069d510a58	GET	/api/v1/auth/refresh	http://localhost:3000
20230926	23:34:14	47702805-ebf7-4b4e-ab85-f64e38236e9d	GET	/api/v1/user	http://localhost:3000
20230926	23:34:18	8e864277-519c-4746-8d05-4b6943c2665b	GET	/api/v1/auth/refresh	http://localhost:3000
20230926	23:34:18	137ef6d5-1d98-4be9-945e-2516f4e17406	OPTIONS	/api/v1/user	http://localhost:3000
20230926	23:34:18	37484f06-14c0-4316-8431-3e9282ab3ae7	GET	/api/v1/user	http://localhost:3000
20230926	23:34:31	e79d577a-6469-4762-be41-e139f90db329	GET	/api/v1/auth/refresh	http://localhost:3000
20230926	23:34:32	18b69339-cbc5-401a-99c4-9fa68e5f4245	OPTIONS	/api/v1/user	http://localhost:3000
20230926	23:34:32	625bda51-8c7d-4561-9b43-b71e90a226f2	GET	/api/v1/user	http://localhost:3000
20230926	23:34:35	37922e32-3816-4a9a-bdaf-a4aa4980a7b6	GET	/api/v1/auth/refresh	http://localhost:3000
20230926	23:34:35	f7419041-b290-47d6-ae9c-e6bc2be081bf	OPTIONS	/api/v1/user	http://localhost:3000
20230926	23:34:35	f82c9316-b8c6-461d-a04f-8d790102976b	GET	/api/v1/user	http://localhost:3000
20230926	23:35:19	418d3ad4-cb6f-4bba-97a7-b617e9ed4af2	GET	/api/v1/auth/refresh	http://localhost:3000
20230926	23:35:19	4f52dc36-765b-4bc9-a4a6-e247747e2e17	OPTIONS	/api/v1/user	http://localhost:3000
20230926	23:35:19	d8bdaf37-733c-4a88-b820-09d0e3606b60	GET	/api/v1/user	http://localhost:3000
20230926	23:35:20	3873824b-351e-4db8-8ae4-4e8bc24a4e0c	GET	/api/v1/auth/refresh	http://localhost:3000
20230926	23:35:20	7501718c-233e-47b9-b99d-0611d1e3da71	OPTIONS	/api/v1/user	http://localhost:3000
20230926	23:35:20	37b84343-0675-444e-ab16-f1ba6a0706db	GET	/api/v1/user	http://localhost:3000
20230926	23:35:25	ec7d530f-02c2-4c2e-ba0d-8bc29e50ad1d	GET	/api/v1/auth/refresh	http://localhost:3000
20230926	23:35:25	f6fa96d9-6623-43e3-9995-21f13dd07110	OPTIONS	/api/v1/user	http://localhost:3000
20230926	23:35:25	10f4733c-00bb-4ced-8d69-c571e70db53a	GET	/api/v1/user	http://localhost:3000
20230926	23:35:41	399ffa13-3bfe-4d32-8b22-da87cb017245	GET	/api/v1/auth/refresh	http://localhost:3000
20230926	23:35:41	04da427c-05e6-458c-9a6f-6233c5840d3b	OPTIONS	/api/v1/user	http://localhost:3000
20230926	23:35:41	32b7d2b5-d9ff-4aef-b36a-bb7b8eb2552e	GET	/api/v1/user	http://localhost:3000
20230926	23:35:42	62dbfcf2-3c2f-4ad3-908b-8675c506ffd5	GET	/api/v1/auth/refresh	http://localhost:3000
20230926	23:35:42	3149b513-f2db-45a2-8554-497c9dfbd6a1	OPTIONS	/api/v1/user	http://localhost:3000
20230926	23:35:42	dcbe170b-e129-4d3c-a7c9-b03cc1b21847	GET	/api/v1/user	http://localhost:3000
20230926	23:36:16	dfecb4b2-3b19-42e3-8b52-2cf253ae9406	GET	/api/v1/auth/refresh	http://localhost:3000
20230926	23:36:16	e533c7bb-5a31-40ca-84be-81a15c544fc2	OPTIONS	/api/v1/user	http://localhost:3000
20230926	23:36:16	27fbd124-a7be-4212-9246-4a98d608161b	GET	/api/v1/user	http://localhost:3000
20230926	23:36:39	679b175c-cdef-4dbb-b683-8489262804ed	GET	/api/v1/auth/refresh	http://localhost:3000
20230926	23:36:39	f5895981-6261-4be1-9aaf-d1957dbdbfcf	OPTIONS	/api/v1/user	http://localhost:3000
20230926	23:36:39	8d9ba199-1a3e-4dc0-a836-d752c31d83a8	GET	/api/v1/user	http://localhost:3000
20230926	23:37:15	d5549954-bd36-4863-a507-b7f52f99fca2	GET	/api/v1/auth/refresh	http://localhost:3000
20230926	23:37:15	2bbcd2c9-c764-4b97-922d-643b69303149	OPTIONS	/api/v1/user	http://localhost:3000
20230926	23:37:15	e2a465f3-ba2b-4809-b418-6072bb94e03e	GET	/api/v1/user	http://localhost:3000
20230926	23:38:49	14969447-493a-4c0c-a0f8-58f351b353b7	GET	/api/v1/auth/refresh	http://localhost:3000
20230926	23:38:49	befbb2cc-1092-457a-95bc-c067993236ef	OPTIONS	/api/v1/user	http://localhost:3000
20230926	23:38:49	23b59faa-51fb-4e1b-9ad8-7cbe88f690f8	GET	/api/v1/user	http://localhost:3000
20230926	23:40:11	cd9fa2d9-01b7-47d5-8226-b66dc07a26a4	GET	/api/v1/auth/refresh	http://localhost:3000
20230926	23:40:11	5dc81d18-c98c-4e69-9fd7-f6bd35bb64f9	OPTIONS	/api/v1/user	http://localhost:3000
20230926	23:40:11	0d6f9dcd-926f-4c3d-9c3a-d4af726bd440	GET	/api/v1/user	http://localhost:3000
20230926	23:40:25	362adfda-3779-4a02-a9f1-cdc36fc7fbce	GET	/api/v1/auth/refresh	http://localhost:3000
20230926	23:40:25	d68c8ad4-bc99-4f50-9635-ed528fa1fb81	OPTIONS	/api/v1/user	http://localhost:3000
20230926	23:40:25	b22916f3-9356-45ca-9683-641e49bf0584	GET	/api/v1/user	http://localhost:3000
20230926	23:41:27	cb593f28-5a56-43ee-b374-bc53f48b5c8f	GET	/api/v1/auth/refresh	http://localhost:3000
20230926	23:41:28	2561e4b7-ee4e-405f-8387-80bd374aad6a	OPTIONS	/api/v1/user	http://localhost:3000
20230926	23:41:28	4db890ca-9407-4125-9ac7-a709872308d6	GET	/api/v1/user	http://localhost:3000
20230927	21:52:12	86d1297b-1934-497e-ab13-eea4c5edd78c	GET	/api/v1/auth/refresh	http://localhost:3000
20230927	21:52:49	b13c5be6-6566-46be-a7ae-f1a7e102d7ae	GET	/api/v1/auth/refresh	http://localhost:3000
20230927	22:10:04	28dfbae6-bf0e-4c1d-8b85-ade4e221ed6e	GET	/api/v1/auth/refresh	http://localhost:3000
20230927	22:10:13	74abf164-786e-42ce-a92d-d9f6a7b0fe23	GET	/api/v1/auth/refresh	http://localhost:3000
20230927	22:10:20	5ad7d195-cf0a-4f78-8c1d-f085d64c487b	GET	/api/v1/auth/refresh	http://localhost:3000
20230927	22:10:35	518ee2dd-659a-45e7-a790-6df99044305a	GET	/api/v1/auth/refresh	http://localhost:3000
20230927	22:10:46	f452d120-8888-4619-ab2b-7317d049d653	GET	/api/v1/auth/refresh	http://localhost:3000
20230927	22:10:49	5f1f6809-3abe-48da-8744-10883b6d84bc	GET	/api/v1/auth/refresh	http://localhost:3000
20230927	22:11:31	e677e0f4-4799-4691-abcb-0315c43b2be9	GET	/api/v1/auth/refresh	http://localhost:3000
20230927	23:39:56	6b893899-ec79-471e-9bef-8fb1352d6ea5	GET	/api/v1/chatbot	undefined
20230927	23:48:36	c466eac9-13f9-4219-8d0c-e40f911f03c7	GET	/api/v1/chatbot	undefined
20230928	00:00:03	6745114b-34d7-4203-99a7-d5d0387682e0	GET	/api/v1/chatbot	undefined
20230928	00:31:26	d2d5c3d8-5ca4-4f6e-972f-d5648bc5003f	GET	/api/v1/chatbot	undefined
20240211	01:35:29	20a5a78b-e37c-472c-9283-2929b2911f51	OPTIONS	/api/v1/auth/login	http://localhost:3000
20240211	01:35:29	cdf54eef-eab6-49e0-a06a-7062dadf1709	POST	/api/v1/auth/login	http://localhost:3000
20240211	01:35:48	3c5956a6-d57e-48d0-97c0-facdaf329e18	OPTIONS	/api/v1/auth/logout	http://localhost:3000
20240211	01:35:48	822f49a9-9776-466d-86dc-2cf59dec739b	POST	/api/v1/auth/logout	http://localhost:3000
20240211	01:35:59	8692ec07-7fa0-4076-b044-dec8e1b3fb3d	OPTIONS	/api/v1/auth/login	http://localhost:3000
20240211	01:35:59	9ef7fcda-784b-4a6b-baba-c39e49a20814	POST	/api/v1/auth/login	http://localhost:3000
20240211	03:55:54	b29580d5-4add-4505-bb01-a0a67c9b12ec	POST	/api/v1/upload	undefined
20240211	03:56:27	f55dfdd6-0778-4a60-af11-427aafdeddd9	POST	/api/v1/upload	undefined
20240211	03:58:20	d96b4835-b3ad-4b6b-ad45-229f34b176fb	GET	/uploads/file-1707620187815.png	undefined
20240211	03:58:20	c55a570e-44e8-4097-8792-e24112bd6fbb	GET	/uploads/css/style.css	undefined
20240211	03:58:20	b59b6e54-766b-44d0-a245-12a4c2c063b6	GET	/uploads/css/style.css	undefined
20240211	03:58:20	625331e5-4a5f-4e32-95ad-459eebe39dda	GET	/favicon.ico	undefined
20240211	03:58:34	073575f9-ba6d-4cb5-b1f7-d79ec94d0414	GET	/api/v1/uploads/file-1707620187815.png	undefined
20240211	03:58:34	c8e60755-0511-45ee-b0b4-20a3ad10b075	GET	/api/v1/uploads/css/style.css	undefined
20240211	03:59:09	f963f3ab-fbcc-4f09-9eb8-2079e23238f1	GET	/api/v1/uploads/file-1707620187815.png	undefined
20240211	03:59:09	694e97de-26e0-4263-a22b-68d5b9676228	GET	/api/v1/uploads/css/style.css	undefined
20240211	04:01:08	875296cd-9bc4-44a0-b826-8e5cf05cf659	GET	/api/v1/uploads/file-1707620187815.png	undefined
20240211	04:01:08	da376003-3f14-426e-afb5-1e84b3091778	GET	/api/v1/uploads/css/style.css	undefined
20240211	04:01:56	fef81ac3-2534-4302-bdfb-8c75193bfe67	GET	/api/v1/uploads/file-1707620187815.png	undefined
20240211	04:01:56	1a564c75-5e8b-457b-9926-37ccaf6d684d	GET	/api/v1/uploads/css/style.css	undefined
20240211	04:02:10	ccc58a83-d5e2-4120-ad69-ab571a5ba4d7	GET	/uploads/file-1707620187815.png	undefined
20240211	04:10:22	4ab8a492-ef74-478f-8125-88bacffd200f	POST	/api/v1/upload	undefined
20240211	04:10:35	2abfec51-29d7-4a0e-b9e8-e74658684053	POST	/api/v1/upload	undefined
20240211	04:10:46	2763275e-28e5-4f5a-8ea5-328d8136f52b	GET	/file-1707621035589.png	undefined
20240211	04:11:11	19ebffc5-e6fa-4edb-9980-b3177ed24333	GET	/uploads/file-1707621035589.png	undefined
20240211	04:45:25	51ba0dcd-6f8d-4820-a472-562816ad09a4	POST	/api/v1/chat	undefined
20240211	04:46:09	626184ac-bbe7-4806-ba13-573884ad8121	POST	/api/v1/chat	undefined
20240211	04:48:28	0e96e118-9c51-498f-a608-23ab5aed0b92	POST	/api/v1/chat	undefined
20240211	04:49:00	2428411a-a271-42a6-9802-ec9e15199102	POST	/api/v1/chat	undefined
20240211	04:50:40	e8906d21-b94e-42ef-ab39-196f1da19072	GET	/api/v1/chat	undefined
20240211	04:53:55	8e347c72-4e14-4b6b-a32d-d568bd4a54cf	GET	/api/v1/chat	undefined
20240211	04:56:15	8a8c22c2-e621-46bc-a9c9-9966596101a7	GET	/api/v1/chat	undefined
20240211	04:56:32	5f3a22bd-1c00-4354-8a39-576902de80a5	OPTIONS	/api/v1/user	http://localhost:3000
20240211	04:56:32	cd185e00-0228-4634-a119-b69ea5c4cc37	POST	/api/v1/user	http://localhost:3000
20240211	04:56:45	b6c22666-6285-4ad9-9944-3f5e91e9901d	OPTIONS	/api/v1/auth/login	http://localhost:3000
20240211	04:56:45	f5fc1a9d-dea6-49d4-8b5a-02a2f1a582f0	POST	/api/v1/auth/login	http://localhost:3000
20240211	04:57:21	687fcd95-5848-4caa-a5a4-16189894ff66	OPTIONS	/api/v1/auth/login	http://localhost:3000
20240211	04:57:21	e8ed42c1-8fc7-4644-9478-e474691085b1	POST	/api/v1/auth/login	http://localhost:3000
20240211	04:57:31	be52c6f8-1734-4ca6-8bef-16ae9a7a249e	GET	/api/v1/chat	undefined
20240211	04:58:06	18dff690-76de-49dc-9ea1-1fd1fdf9a77d	OPTIONS	/api/v1/auth/login	http://localhost:3000
20240211	04:58:06	d234c22c-453f-4032-bdd5-c70b79ec5c08	POST	/api/v1/auth/login	http://localhost:3000
20240211	04:58:23	74334e1a-234a-4f4b-a8b2-99dfaf29b5de	GET	/api/v1/chat	undefined
20240211	05:00:43	11db7ece-45b0-4c4e-bcb5-931869d7929d	OPTIONS	/api/v1/auth/login	http://localhost:3000
20240211	05:00:43	9fc29252-3924-419b-bb43-c41acff46414	POST	/api/v1/auth/login	http://localhost:3000
20240211	05:00:48	2129c9cc-66ba-4945-a26c-550f48cf9666	GET	/api/v1/auth/refresh	http://localhost:3000
20240211	05:00:53	0f65f5e4-15f5-41dd-8d40-446281d59937	GET	/api/v1/auth/refresh	http://localhost:3000
20240211	05:01:04	da29d8af-64d1-4684-8ad9-cd0a5e4d30e0	GET	/api/v1/auth/refresh	http://localhost:3000
20240211	05:01:12	e926029f-bad8-475d-a914-b643feb4779a	GET	/api/v1/chat	undefined
20240211	05:01:54	77640b5f-1ffc-4ef9-bb92-a144687430b6	GET	/api/v1/auth/refresh	http://localhost:3000
20240211	05:02:03	5a6c755d-2082-40e8-8b05-a894277c7d16	GET	/api/v1/chat	undefined
20240211	05:03:38	0e512a30-4e64-49b5-8cd7-58e81d74bb1b	GET	/api/v1/auth/refresh	http://localhost:3000
20240211	05:03:46	3f649f99-0c9e-41c0-a2c7-d946eb713a20	GET	/api/v1/chat	undefined
20240211	05:05:30	3f3a52b9-1424-4b50-8a89-74e72d41c545	GET	/api/v1/chat	undefined
20240211	05:05:38	f5d6b480-7239-4453-bb48-ed15df57c09e	GET	/api/v1/auth/refresh	http://localhost:3000
20240211	05:05:44	872cfe22-f431-44a9-8261-e2e7db548012	GET	/api/v1/auth/refresh	http://localhost:3000
20240211	05:05:52	14765c3e-dd8e-4918-8723-0628899b9d17	GET	/api/v1/chat	undefined
20240211	05:09:43	49163feb-9e99-4c3e-8052-654a0be0b7c3	GET	/api/v1/auth/refresh	http://localhost:3000
20240211	05:09:43	b6134615-8050-4102-8c81-0f7e6f214b68	OPTIONS	/api/v1/chat	http://localhost:3000
20240211	05:09:43	05e6e70d-fa86-43e8-b476-32836533eeac	GET	/api/v1/chat	http://localhost:3000
20240211	05:09:52	4e265420-db3d-4ec9-b97b-287e407ff170	GET	/api/v1/auth/refresh	http://localhost:3000
20240211	05:09:52	5629999c-2a94-48f0-bfe0-eb862bd794bd	OPTIONS	/api/v1/chat	http://localhost:3000
20240211	05:09:52	958a88d5-3928-4c43-a1f3-1fb89edc6e37	GET	/api/v1/chat	http://localhost:3000
20240211	05:10:03	1b4d9c9b-0c03-4a84-b4b7-a26d16ee4d1c	GET	/api/v1/react_devtools_backend_compact.js.map	undefined
20240211	05:10:25	9478e7ad-61d0-4f1c-a304-7dc4e41297b0	GET	/api/v1/chat	http://localhost:3000
20240211	05:10:56	3e525532-eed3-4b24-9a45-08e4f0573eac	GET	/api/v1/auth/refresh	http://localhost:3000
20240211	05:10:56	41c730fd-dff7-4711-b47f-877b8a3354be	OPTIONS	/api/v1/chat	http://localhost:3000
20240211	05:10:56	e797ae0f-1231-41dd-b81a-3b1e3dbcc335	GET	/api/v1/chat	http://localhost:3000
20240211	05:13:25	fb03c912-de71-41dc-80df-f18d0679cbe4	GET	/api/v1/auth/refresh	http://localhost:3000
20240211	05:13:26	7d7818e0-e519-4138-9c75-da4e57f8ee46	OPTIONS	/api/v1/chat	http://localhost:3000
20240211	05:13:26	14da78b2-f637-48c9-904b-29bc84dc9614	GET	/api/v1/chat	http://localhost:3000
20240211	05:14:19	f83beec9-ae87-47a5-8ee4-f80e7963791c	POST	/api/v1/chat	undefined
20240211	05:14:27	0f8107b9-3d36-41de-9641-898fed280e6a	GET	/api/v1/auth/refresh	http://localhost:3000
20240211	05:14:28	51f1e0b8-db12-41b1-8d98-3c860544a29c	OPTIONS	/api/v1/chat	http://localhost:3000
20240211	05:14:28	8dfa2dfb-c3c9-4db5-87ad-5e994293d12c	GET	/api/v1/chat	http://localhost:3000
20240211	05:14:34	f463c9d1-c7e7-4076-a84c-656b9a581ab3	GET	/api/v1/auth/refresh	http://localhost:3000
20240211	05:14:34	cf1e03c9-4567-4e67-8945-7ea01502a5ee	OPTIONS	/api/v1/chat	http://localhost:3000
20240211	05:14:34	8f727434-a476-458b-86f0-9d4d2835f678	GET	/api/v1/chat	http://localhost:3000
20240211	05:14:37	6d8f53a9-9311-40b1-ab4b-125d62c374a0	GET	/api/v1/auth/refresh	http://localhost:3000
20240211	05:14:38	5d4163fc-dc07-4562-ae35-a5500d600cfa	OPTIONS	/api/v1/chat	http://localhost:3000
20240211	05:14:38	d06f8fd8-ae2d-489d-a186-c12423cee7ad	GET	/api/v1/chat	http://localhost:3000
20240211	05:14:52	6c5203a3-433e-40fd-ba20-49bfb3808361	POST	/api/v1/chat	undefined
20240211	05:14:56	e6a4961f-6902-4c1a-95c8-586b1afeb55a	GET	/api/v1/auth/refresh	http://localhost:3000
20240211	05:14:56	6647bf35-adb3-4289-b7b0-31b3b8923170	OPTIONS	/api/v1/chat	http://localhost:3000
20240211	05:14:56	a379318c-3ea7-4eda-81b9-54d64acade4d	GET	/api/v1/chat	http://localhost:3000
20240211	05:15:08	494bbcca-92b1-44c0-8876-95c3178473ac	POST	/api/v1/chat	undefined
20240211	05:15:17	e3276d65-63fd-4aef-8247-9bc9ae3e0ed7	GET	/api/v1/auth/refresh	http://localhost:3000
20240211	05:15:17	4529596e-b65f-48a7-a02a-43347cf2bce2	OPTIONS	/api/v1/chat	http://localhost:3000
20240211	05:15:17	62e5444b-a7ab-4cf1-b0dd-3bfbaed816c9	GET	/api/v1/chat	http://localhost:3000
20240211	05:15:44	9805fe6f-fd1d-44c8-a150-4946376cef95	GET	/api/v1/auth/refresh	http://localhost:3000
20240211	05:15:44	0b551e16-737b-4be8-8aed-72285f765dea	OPTIONS	/api/v1/chat	http://localhost:3000
20240211	05:15:44	95a145d2-63fa-4375-8c24-702ae3c10c58	GET	/api/v1/chat	http://localhost:3000
20240211	05:15:50	f061db4c-1389-44c2-bf57-23e0ba2c7010	POST	/api/v1/chat	undefined
20240211	05:16:00	8b749cc2-0b53-4c5f-bb60-c46db968306b	GET	/api/v1/auth/refresh	http://localhost:3000
20240211	05:16:00	13ff2fee-9810-4df2-a9b8-b0784ad37df2	OPTIONS	/api/v1/chat	http://localhost:3000
20240211	05:16:00	65fc0cfc-7013-4839-98fc-ab96a1f1bffa	GET	/api/v1/chat	http://localhost:3000
